<?xml version="1.0" encoding="UTF-8"?>
<testsuite name="agh.ics.oop.AnimalTest" tests="3" skipped="0" failures="0" errors="0" timestamp="2022-10-27T12:16:35" hostname="LAPTOP-HPO1T509" time="0.077">
  <properties/>
  <testcase name="testOrientation()" classname="agh.ics.oop.AnimalTest" time="0.068"/>
  <testcase name="testStayingInMap()" classname="agh.ics.oop.AnimalTest" time="0.003"/>
  <testcase name="testPosition()" classname="agh.ics.oop.AnimalTest" time="0.002"/>
  <system-out><![CDATA[]]></system-out>
  <system-err><![CDATA[]]></system-err>
</testsuite>
