<?xml version="1.0" encoding="UTF-8"?>
<testsuite name="agh.ics.oop.GrassFieldTest" tests="4" skipped="0" failures="0" errors="0" timestamp="2022-11-21T18:01:46" hostname="LAPTOP-HPO1T509" time="0.072">
  <properties/>
  <testcase name="objectAtTest()" classname="agh.ics.oop.GrassFieldTest" time="0.047"/>
  <testcase name="isOccupiedTest()" classname="agh.ics.oop.GrassFieldTest" time="0.003"/>
  <testcase name="canMoveToTest()" classname="agh.ics.oop.GrassFieldTest" time="0.003"/>
  <testcase name="placeTest()" classname="agh.ics.oop.GrassFieldTest" time="0.014"/>
  <system-out><![CDATA[]]></system-out>
  <system-err><![CDATA[]]></system-err>
</testsuite>
