<?xml version="1.0" encoding="UTF-8"?>
<testsuite name="agh.ics.oop.GrassFieldTest" tests="1" skipped="0" failures="0" errors="0" timestamp="2022-11-24T12:49:21" hostname="LAPTOP-HPO1T509" time="0.07">
  <properties/>
  <testcase name="placeTest()" classname="agh.ics.oop.GrassFieldTest" time="0.07"/>
  <system-out><![CDATA[]]></system-out>
  <system-err><![CDATA[]]></system-err>
</testsuite>
