<?xml version="1.0" encoding="UTF-8"?>
<testsuite name="agh.ics.oop.SimulationEngineTest" tests="1" skipped="0" failures="0" errors="0" timestamp="2022-10-31T08:18:50" hostname="LAPTOP-HPO1T509" time="0.049">
  <properties/>
  <testcase name="simulationTest1()" classname="agh.ics.oop.SimulationEngineTest" time="0.049"/>
  <system-out><![CDATA[]]></system-out>
  <system-err><![CDATA[]]></system-err>
</testsuite>
